{"level":"info","Origin":"LMS","time":"2022-01-07T10:30:39+10:30","message":"<============ Log Monitoring Server ============>"}
{"level":"info","Origin":"Publisher","time":"2022-01-07T10:30:39+10:30","message":"Publisher Service Started: id 0"}
{"level":"info","Origin":"Publisher","time":"2022-01-07T10:30:39+10:30","message":"Publisher Service Started: id 1"}
{"level":"info","Origin":"DbProcess","time":"2022-01-07T10:30:51+10:30","message":"Successfully inserted 100 Messages and 95 Severity logs"}
{"level":"info","Origin":"DbProcess","time":"2022-01-07T10:30:51+10:30","message":"Successfully inserted 100 Messages and 91 Severity logs"}
{"level":"info","Origin":"LMS","time":"2022-01-07T10:34:06+10:30","message":"<============ Log Monitoring Server ============>"}
{"level":"info","Origin":"Publisher","time":"2022-01-07T10:34:07+10:30","message":"Publisher Service Started: id 0"}
{"level":"info","Origin":"Publisher","time":"2022-01-07T10:34:07+10:30","message":"Publisher Service Started: id 1"}
{"level":"info","Origin":"DbProcess","time":"2022-01-07T10:34:19+10:30","message":"Successfully inserted 100 Messages and 89 Severity logs"}
{"level":"info","Origin":"DbProcess","time":"2022-01-07T10:34:19+10:30","message":"Successfully inserted 100 Messages and 92 Severity logs"}
{"level":"info","Origin":"LMS","time":"2022-01-07T10:36:36+10:30","message":"<============ Log Monitoring Server ============>"}
{"level":"info","Origin":"LMS","time":"2022-01-07T10:36:42+10:30","message":"<============ Log Monitoring Server ============>"}
{"level":"info","Origin":"Publisher","time":"2022-01-07T10:36:42+10:30","message":"Publisher Service Started: id 0"}
{"level":"info","Origin":"Publisher","time":"2022-01-07T10:36:42+10:30","message":"Publisher Service Started: id 1"}
{"level":"info","Origin":"DbProcess","time":"2022-01-07T10:36:54+10:30","message":"Successfully inserted 100 Messages and 92 Severity logs"}
{"level":"info","Origin":"DbProcess","time":"2022-01-07T10:36:54+10:30","message":"Successfully inserted 100 Messages and 90 Severity logs"}
{"level":"info","Origin":"DbProcess","time":"2022-01-07T10:37:06+10:30","message":"Successfully inserted 100 Messages and 91 Severity logs"}
{"level":"info","Origin":"DbProcess","time":"2022-01-07T10:37:06+10:30","message":"Successfully inserted 100 Messages and 90 Severity logs"}
{"level":"info","Origin":"DbProcess","time":"2022-01-07T10:37:18+10:30","message":"Successfully inserted 100 Messages and 86 Severity logs"}
{"level":"info","Origin":"DbProcess","time":"2022-01-07T10:37:18+10:30","message":"Successfully inserted 100 Messages and 94 Severity logs"}
{"level":"info","Origin":"DbProcess","time":"2022-01-07T10:37:30+10:30","message":"Successfully inserted 100 Messages and 97 Severity logs"}
{"level":"info","Origin":"DbProcess","time":"2022-01-07T10:37:30+10:30","message":"Successfully inserted 100 Messages and 92 Severity logs"}
{"level":"info","Origin":"DbProcess","time":"2022-01-07T10:37:42+10:30","message":"Successfully inserted 100 Messages and 93 Severity logs"}
{"level":"info","Origin":"DbProcess","time":"2022-01-07T10:37:42+10:30","message":"Successfully inserted 100 Messages and 91 Severity logs"}
{"level":"info","Origin":"DbProcess","time":"2022-01-07T10:37:54+10:30","message":"Successfully inserted 100 Messages and 92 Severity logs"}
{"level":"info","Origin":"DbProcess","time":"2022-01-07T10:37:54+10:30","message":"Successfully inserted 100 Messages and 95 Severity logs"}
{"level":"info","Origin":"LMS","time":"2022-01-07T10:38:07+10:30","message":"<============ Log Monitoring Server ============>"}
{"level":"info","Origin":"Publisher","time":"2022-01-07T10:38:08+10:30","message":"Publisher Service Started: id 0"}
{"level":"info","Origin":"Publisher","time":"2022-01-07T10:38:08+10:30","message":"Publisher Service Started: id 1"}
{"level":"info","Origin":"DbProcess","time":"2022-01-07T10:38:19+10:30","message":"Successfully inserted 100 Messages and 93 Severity logs"}
{"level":"info","Origin":"DbProcess","time":"2022-01-07T10:38:19+10:30","message":"Successfully inserted 100 Messages and 92 Severity logs"}
{"level":"info","Origin":"DbProcess","time":"2022-01-07T10:38:39+10:30","message":"Successfully inserted 100 Messages and 81 Severity logs"}
{"level":"info","Origin":"DbProcess","time":"2022-01-07T10:38:39+10:30","message":"Successfully inserted 100 Messages and 85 Severity logs"}
{"level":"info","Origin":"DbProcess","time":"2022-01-07T10:38:51+10:30","message":"Successfully inserted 100 Messages and 91 Severity logs"}
{"level":"info","Origin":"DbProcess","time":"2022-01-07T10:38:51+10:30","message":"Successfully inserted 100 Messages and 94 Severity logs"}
{"level":"info","Origin":"LMS","time":"2022-01-07T10:39:04+10:30","message":"<============ Log Monitoring Server ============>"}
{"level":"info","Origin":"Publisher","time":"2022-01-07T10:39:04+10:30","message":"Publisher Service Started: id 0"}
{"level":"info","Origin":"Publisher","time":"2022-01-07T10:39:04+10:30","message":"Publisher Service Started: id 1"}
{"level":"info","Origin":"DbProcess","time":"2022-01-07T10:39:16+10:30","message":"Successfully inserted 100 Messages and 91 Severity logs"}
{"level":"info","Origin":"DbProcess","time":"2022-01-07T10:39:16+10:30","message":"Successfully inserted 100 Messages and 89 Severity logs"}
{"level":"info","Origin":"DbProcess","time":"2022-01-07T10:39:28+10:30","message":"Successfully inserted 100 Messages and 95 Severity logs"}
{"level":"info","Origin":"DbProcess","time":"2022-01-07T10:39:28+10:30","message":"Successfully inserted 100 Messages and 89 Severity logs"}
{"level":"info","Origin":"LMS","time":"2022-01-07T10:40:02+10:30","message":"<============ Log Monitoring Server ============>"}
{"level":"info","Origin":"Publisher","time":"2022-01-07T10:40:02+10:30","message":"Publisher Service Started: id 0"}
{"level":"info","Origin":"Publisher","time":"2022-01-07T10:40:02+10:30","message":"Publisher Service Started: id 1"}
{"level":"info","Origin":"LMS","time":"2022-01-07T10:41:01+10:30","message":"<============ Log Monitoring Server ============>"}
{"level":"info","Origin":"Publisher","time":"2022-01-07T10:41:01+10:30","message":"Publisher Service Started: id 0"}
{"level":"info","Origin":"Publisher","time":"2022-01-07T10:41:01+10:30","message":"Publisher Service Started: id 1"}
{"level":"info","Origin":"LMS","time":"2022-01-07T10:41:42+10:30","message":"<============ Log Monitoring Server ============>"}
{"level":"info","Origin":"Publisher","time":"2022-01-07T10:41:42+10:30","message":"Publisher Service Started: id 0"}
{"level":"info","Origin":"Publisher","time":"2022-01-07T10:41:42+10:30","message":"Publisher Service Started: id 1"}
{"level":"info","Origin":"DbProcess","time":"2022-01-07T10:41:54+10:30","message":"Successfully inserted 100 Messages and 91 Severity logs"}
{"level":"info","Origin":"DbProcess","time":"2022-01-07T10:41:54+10:30","message":"Successfully inserted 100 Messages and 92 Severity logs"}
{"level":"info","Origin":"DbProcess","time":"2022-01-07T10:42:06+10:30","message":"Successfully inserted 100 Messages and 88 Severity logs"}
{"level":"info","Origin":"DbProcess","time":"2022-01-07T10:42:06+10:30","message":"Successfully inserted 100 Messages and 92 Severity logs"}
{"level":"info","Origin":"LMS","time":"2022-01-07T10:42:25+10:30","message":"<============ Log Monitoring Server ============>"}
{"level":"info","Origin":"Publisher","time":"2022-01-07T10:42:25+10:30","message":"Publisher Service Started: id 0"}
{"level":"info","Origin":"Publisher","time":"2022-01-07T10:42:25+10:30","message":"Publisher Service Started: id 1"}
{"level":"info","Origin":"DbProcess","time":"2022-01-07T10:42:27+10:30","message":"Successfully inserted 100 Messages and 89 Severity logs"}
{"level":"info","Origin":"DbProcess","time":"2022-01-07T10:42:28+10:30","message":"Successfully inserted 100 Messages and 88 Severity logs"}
{"level":"info","Origin":"DbProcess","time":"2022-01-07T10:42:29+10:30","message":"Successfully inserted 100 Messages and 93 Severity logs"}
{"level":"info","Origin":"DbProcess","time":"2022-01-07T10:42:29+10:30","message":"Successfully inserted 100 Messages and 88 Severity logs"}
{"level":"info","Origin":"DbProcess","time":"2022-01-07T10:42:30+10:30","message":"Successfully inserted 100 Messages and 90 Severity logs"}
{"level":"info","Origin":"DbProcess","time":"2022-01-07T10:42:31+10:30","message":"Successfully inserted 100 Messages and 96 Severity logs"}
{"level":"info","Origin":"DbProcess","time":"2022-01-07T10:42:32+10:30","message":"Successfully inserted 100 Messages and 88 Severity logs"}
{"level":"info","Origin":"DbProcess","time":"2022-01-07T10:42:32+10:30","message":"Successfully inserted 100 Messages and 89 Severity logs"}
{"level":"info","Origin":"DbProcess","time":"2022-01-07T10:42:34+10:30","message":"Successfully inserted 100 Messages and 88 Severity logs"}
{"level":"info","Origin":"DbProcess","time":"2022-01-07T10:42:34+10:30","message":"Successfully inserted 100 Messages and 91 Severity logs"}
{"level":"info","Origin":"DbProcess","time":"2022-01-07T10:42:35+10:30","message":"Successfully inserted 100 Messages and 91 Severity logs"}
{"level":"info","Origin":"DbProcess","time":"2022-01-07T10:42:36+10:30","message":"Successfully inserted 100 Messages and 86 Severity logs"}
{"level":"info","Origin":"DbProcess","time":"2022-01-07T10:42:37+10:30","message":"Successfully inserted 100 Messages and 91 Severity logs"}
{"level":"info","Origin":"DbProcess","time":"2022-01-07T10:42:37+10:30","message":"Successfully inserted 100 Messages and 89 Severity logs"}
{"level":"info","Origin":"DbProcess","time":"2022-01-07T10:42:39+10:30","message":"Successfully inserted 100 Messages and 89 Severity logs"}
{"level":"info","Origin":"DbProcess","time":"2022-01-07T10:42:39+10:30","message":"Successfully inserted 100 Messages and 90 Severity logs"}
{"level":"info","Origin":"DbProcess","time":"2022-01-07T10:42:41+10:30","message":"Successfully inserted 100 Messages and 92 Severity logs"}
{"level":"info","Origin":"DbProcess","time":"2022-01-07T10:42:41+10:30","message":"Successfully inserted 100 Messages and 88 Severity logs"}
{"level":"info","Origin":"DbProcess","time":"2022-01-07T10:42:42+10:30","message":"Successfully inserted 100 Messages and 91 Severity logs"}
{"level":"info","Origin":"DbProcess","time":"2022-01-07T10:42:43+10:30","message":"Successfully inserted 100 Messages and 91 Severity logs"}
{"level":"info","Origin":"DbProcess","time":"2022-01-07T10:42:44+10:30","message":"Successfully inserted 100 Messages and 91 Severity logs"}
{"level":"info","Origin":"DbProcess","time":"2022-01-07T10:42:44+10:30","message":"Successfully inserted 100 Messages and 92 Severity logs"}
{"level":"info","Origin":"DbProcess","time":"2022-01-07T10:42:46+10:30","message":"Successfully inserted 100 Messages and 91 Severity logs"}
{"level":"info","Origin":"DbProcess","time":"2022-01-07T10:42:46+10:30","message":"Successfully inserted 100 Messages and 91 Severity logs"}
{"level":"info","Origin":"DbProcess","time":"2022-01-07T10:42:48+10:30","message":"Successfully inserted 100 Messages and 89 Severity logs"}
{"level":"info","Origin":"DbProcess","time":"2022-01-07T10:42:48+10:30","message":"Successfully inserted 100 Messages and 92 Severity logs"}
{"level":"info","Origin":"DbProcess","time":"2022-01-07T10:42:49+10:30","message":"Successfully inserted 100 Messages and 93 Severity logs"}
{"level":"info","Origin":"DbProcess","time":"2022-01-07T10:42:50+10:30","message":"Successfully inserted 100 Messages and 89 Severity logs"}
{"level":"info","Origin":"DbProcess","time":"2022-01-07T10:42:51+10:30","message":"Successfully inserted 100 Messages and 94 Severity logs"}
{"level":"info","Origin":"DbProcess","time":"2022-01-07T10:42:51+10:30","message":"Successfully inserted 100 Messages and 85 Severity logs"}
{"level":"info","Origin":"DbProcess","time":"2022-01-07T10:42:53+10:30","message":"Successfully inserted 100 Messages and 91 Severity logs"}
{"level":"info","Origin":"DbProcess","time":"2022-01-07T10:42:53+10:30","message":"Successfully inserted 100 Messages and 89 Severity logs"}
{"level":"info","Origin":"DbProcess","time":"2022-01-07T10:42:54+10:30","message":"Successfully inserted 100 Messages and 86 Severity logs"}
{"level":"info","Origin":"DbProcess","time":"2022-01-07T10:42:55+10:30","message":"Successfully inserted 100 Messages and 89 Severity logs"}
{"level":"info","Origin":"DbProcess","time":"2022-01-07T10:42:56+10:30","message":"Successfully inserted 100 Messages and 92 Severity logs"}
{"level":"info","Origin":"DbProcess","time":"2022-01-07T10:42:56+10:30","message":"Successfully inserted 100 Messages and 90 Severity logs"}
{"level":"info","Origin":"DbProcess","time":"2022-01-07T10:42:58+10:30","message":"Successfully inserted 100 Messages and 94 Severity logs"}
{"level":"info","Origin":"DbProcess","time":"2022-01-07T10:42:58+10:30","message":"Successfully inserted 100 Messages and 89 Severity logs"}
{"level":"info","Origin":"DbProcess","time":"2022-01-07T10:42:59+10:30","message":"Successfully inserted 100 Messages and 89 Severity logs"}
{"level":"info","Origin":"DbProcess","time":"2022-01-07T10:43:00+10:30","message":"Successfully inserted 100 Messages and 94 Severity logs"}
{"level":"info","Origin":"DbProcess","time":"2022-01-07T10:43:01+10:30","message":"Successfully inserted 100 Messages and 91 Severity logs"}
{"level":"info","Origin":"DbProcess","time":"2022-01-07T10:43:02+10:30","message":"Successfully inserted 100 Messages and 88 Severity logs"}
{"level":"info","Origin":"DbProcess","time":"2022-01-07T10:43:03+10:30","message":"Successfully inserted 100 Messages and 89 Severity logs"}
{"level":"info","Origin":"DbProcess","time":"2022-01-07T10:43:04+10:30","message":"Successfully inserted 100 Messages and 92 Severity logs"}
{"level":"info","Origin":"DbProcess","time":"2022-01-07T10:43:05+10:30","message":"Successfully inserted 100 Messages and 92 Severity logs"}
{"level":"info","Origin":"DbProcess","time":"2022-01-07T10:43:05+10:30","message":"Successfully inserted 100 Messages and 93 Severity logs"}
{"level":"info","Origin":"DbProcess","time":"2022-01-07T10:43:06+10:30","message":"Successfully inserted 100 Messages and 87 Severity logs"}
{"level":"info","Origin":"DbProcess","time":"2022-01-07T10:43:07+10:30","message":"Successfully inserted 100 Messages and 93 Severity logs"}
{"level":"info","Origin":"DbProcess","time":"2022-01-07T10:43:08+10:30","message":"Successfully inserted 100 Messages and 91 Severity logs"}
{"level":"info","Origin":"DbProcess","time":"2022-01-07T10:43:09+10:30","message":"Successfully inserted 100 Messages and 89 Severity logs"}
{"level":"info","Origin":"DbProcess","time":"2022-01-07T10:43:10+10:30","message":"Successfully inserted 100 Messages and 92 Severity logs"}
{"level":"info","Origin":"DbProcess","time":"2022-01-07T10:43:11+10:30","message":"Successfully inserted 100 Messages and 90 Severity logs"}
{"level":"info","Origin":"DbProcess","time":"2022-01-07T10:43:11+10:30","message":"Successfully inserted 100 Messages and 88 Severity logs"}
{"level":"info","Origin":"DbProcess","time":"2022-01-07T10:43:12+10:30","message":"Successfully inserted 100 Messages and 91 Severity logs"}
{"level":"info","Origin":"DbProcess","time":"2022-01-07T10:43:13+10:30","message":"Successfully inserted 100 Messages and 92 Severity logs"}
{"level":"info","Origin":"DbProcess","time":"2022-01-07T10:43:14+10:30","message":"Successfully inserted 100 Messages and 85 Severity logs"}
{"level":"info","Origin":"DbProcess","time":"2022-01-07T10:43:15+10:30","message":"Successfully inserted 100 Messages and 89 Severity logs"}
{"level":"info","Origin":"DbProcess","time":"2022-01-07T10:43:16+10:30","message":"Successfully inserted 100 Messages and 93 Severity logs"}
{"level":"info","Origin":"DbProcess","time":"2022-01-07T10:43:16+10:30","message":"Successfully inserted 100 Messages and 94 Severity logs"}
{"level":"info","Origin":"DbProcess","time":"2022-01-07T10:43:18+10:30","message":"Successfully inserted 100 Messages and 90 Severity logs"}
{"level":"info","Origin":"DbProcess","time":"2022-01-07T10:43:18+10:30","message":"Successfully inserted 100 Messages and 93 Severity logs"}
{"level":"info","Origin":"DbProcess","time":"2022-01-07T10:43:20+10:30","message":"Successfully inserted 100 Messages and 92 Severity logs"}
{"level":"info","Origin":"DbProcess","time":"2022-01-07T10:43:20+10:30","message":"Successfully inserted 100 Messages and 88 Severity logs"}
{"level":"info","Origin":"DbProcess","time":"2022-01-07T10:43:21+10:30","message":"Successfully inserted 100 Messages and 91 Severity logs"}
{"level":"info","Origin":"DbProcess","time":"2022-01-07T10:43:22+10:30","message":"Successfully inserted 100 Messages and 91 Severity logs"}
{"level":"info","Origin":"DbProcess","time":"2022-01-07T10:43:23+10:30","message":"Successfully inserted 100 Messages and 88 Severity logs"}
{"level":"info","Origin":"DbProcess","time":"2022-01-07T10:43:23+10:30","message":"Successfully inserted 100 Messages and 89 Severity logs"}
{"level":"info","Origin":"DbProcess","time":"2022-01-07T10:43:25+10:30","message":"Successfully inserted 100 Messages and 93 Severity logs"}
{"level":"info","Origin":"DbProcess","time":"2022-01-07T10:43:25+10:30","message":"Successfully inserted 100 Messages and 94 Severity logs"}
{"level":"info","Origin":"DbProcess","time":"2022-01-07T10:43:26+10:30","message":"Successfully inserted 100 Messages and 94 Severity logs"}
{"level":"info","Origin":"DbProcess","time":"2022-01-07T10:43:27+10:30","message":"Successfully inserted 100 Messages and 96 Severity logs"}
{"level":"info","Origin":"DbProcess","time":"2022-01-07T10:43:28+10:30","message":"Successfully inserted 100 Messages and 93 Severity logs"}
{"level":"info","Origin":"DbProcess","time":"2022-01-07T10:43:29+10:30","message":"Successfully inserted 100 Messages and 91 Severity logs"}
{"level":"info","Origin":"DbProcess","time":"2022-01-07T10:43:30+10:30","message":"Successfully inserted 100 Messages and 89 Severity logs"}
{"level":"info","Origin":"DbProcess","time":"2022-01-07T10:43:30+10:30","message":"Successfully inserted 100 Messages and 94 Severity logs"}
{"level":"info","Origin":"DbProcess","time":"2022-01-07T10:43:32+10:30","message":"Successfully inserted 100 Messages and 92 Severity logs"}
{"level":"info","Origin":"DbProcess","time":"2022-01-07T10:43:32+10:30","message":"Successfully inserted 100 Messages and 93 Severity logs"}
{"level":"info","Origin":"DbProcess","time":"2022-01-07T10:43:34+10:30","message":"Successfully inserted 100 Messages and 92 Severity logs"}
{"level":"info","Origin":"DbProcess","time":"2022-01-07T10:43:34+10:30","message":"Successfully inserted 100 Messages and 87 Severity logs"}
{"level":"info","Origin":"DbProcess","time":"2022-01-07T10:43:36+10:30","message":"Successfully inserted 100 Messages and 87 Severity logs"}
{"level":"info","Origin":"DbProcess","time":"2022-01-07T10:43:36+10:30","message":"Successfully inserted 100 Messages and 87 Severity logs"}
{"level":"info","Origin":"DbProcess","time":"2022-01-07T10:43:38+10:30","message":"Successfully inserted 100 Messages and 89 Severity logs"}
{"level":"info","Origin":"DbProcess","time":"2022-01-07T10:43:38+10:30","message":"Successfully inserted 100 Messages and 88 Severity logs"}
{"level":"info","Origin":"DbProcess","time":"2022-01-07T10:43:40+10:30","message":"Successfully inserted 100 Messages and 90 Severity logs"}
{"level":"info","Origin":"DbProcess","time":"2022-01-07T10:43:40+10:30","message":"Successfully inserted 100 Messages and 90 Severity logs"}
{"level":"info","Origin":"DbProcess","time":"2022-01-07T10:43:42+10:30","message":"Successfully inserted 100 Messages and 91 Severity logs"}
{"level":"info","Origin":"DbProcess","time":"2022-01-07T10:43:42+10:30","message":"Successfully inserted 100 Messages and 91 Severity logs"}
{"level":"info","Origin":"DbProcess","time":"2022-01-07T10:43:44+10:30","message":"Successfully inserted 100 Messages and 90 Severity logs"}
{"level":"info","Origin":"DbProcess","time":"2022-01-07T10:43:44+10:30","message":"Successfully inserted 100 Messages and 90 Severity logs"}
{"level":"info","Origin":"DbProcess","time":"2022-01-07T10:43:45+10:30","message":"Successfully inserted 100 Messages and 92 Severity logs"}
{"level":"info","Origin":"DbProcess","time":"2022-01-07T10:43:46+10:30","message":"Successfully inserted 100 Messages and 88 Severity logs"}
{"level":"info","Origin":"DbProcess","time":"2022-01-07T10:43:47+10:30","message":"Successfully inserted 100 Messages and 91 Severity logs"}
{"level":"info","Origin":"DbProcess","time":"2022-01-07T10:43:48+10:30","message":"Successfully inserted 100 Messages and 92 Severity logs"}
{"level":"info","Origin":"DbProcess","time":"2022-01-07T10:43:50+10:30","message":"Successfully inserted 100 Messages and 93 Severity logs"}
{"level":"info","Origin":"DbProcess","time":"2022-01-07T10:43:50+10:30","message":"Successfully inserted 100 Messages and 90 Severity logs"}
{"level":"info","Origin":"DbProcess","time":"2022-01-07T10:43:51+10:30","message":"Successfully inserted 100 Messages and 93 Severity logs"}
{"level":"info","Origin":"DbProcess","time":"2022-01-07T10:43:52+10:30","message":"Successfully inserted 100 Messages and 92 Severity logs"}
{"level":"info","Origin":"DbProcess","time":"2022-01-07T10:43:53+10:30","message":"Successfully inserted 100 Messages and 88 Severity logs"}
{"level":"info","Origin":"DbProcess","time":"2022-01-07T10:43:54+10:30","message":"Successfully inserted 100 Messages and 94 Severity logs"}
{"level":"info","Origin":"DbProcess","time":"2022-01-07T10:43:55+10:30","message":"Successfully inserted 100 Messages and 92 Severity logs"}
{"level":"info","Origin":"DbProcess","time":"2022-01-07T10:43:55+10:30","message":"Successfully inserted 100 Messages and 93 Severity logs"}
{"level":"info","Origin":"DbProcess","time":"2022-01-07T10:43:57+10:30","message":"Successfully inserted 100 Messages and 93 Severity logs"}
{"level":"info","Origin":"DbProcess","time":"2022-01-07T10:43:57+10:30","message":"Successfully inserted 100 Messages and 86 Severity logs"}
{"level":"info","Origin":"DbProcess","time":"2022-01-07T10:43:59+10:30","message":"Successfully inserted 100 Messages and 91 Severity logs"}
{"level":"info","Origin":"DbProcess","time":"2022-01-07T10:43:59+10:30","message":"Successfully inserted 100 Messages and 88 Severity logs"}
{"level":"info","Origin":"DbProcess","time":"2022-01-07T10:44:01+10:30","message":"Successfully inserted 100 Messages and 92 Severity logs"}
{"level":"info","Origin":"DbProcess","time":"2022-01-07T10:44:01+10:30","message":"Successfully inserted 100 Messages and 87 Severity logs"}
{"level":"info","Origin":"DbProcess","time":"2022-01-07T10:44:02+10:30","message":"Successfully inserted 100 Messages and 91 Severity logs"}
{"level":"info","Origin":"DbProcess","time":"2022-01-07T10:44:03+10:30","message":"Successfully inserted 100 Messages and 87 Severity logs"}
{"level":"info","Origin":"DbProcess","time":"2022-01-07T10:44:04+10:30","message":"Successfully inserted 100 Messages and 92 Severity logs"}
{"level":"info","Origin":"DbProcess","time":"2022-01-07T10:44:04+10:30","message":"Successfully inserted 100 Messages and 94 Severity logs"}
{"level":"info","Origin":"DbProcess","time":"2022-01-07T10:44:06+10:30","message":"Successfully inserted 100 Messages and 90 Severity logs"}
{"level":"info","Origin":"DbProcess","time":"2022-01-07T10:44:06+10:30","message":"Successfully inserted 100 Messages and 92 Severity logs"}
{"level":"info","Origin":"DbProcess","time":"2022-01-07T10:44:08+10:30","message":"Successfully inserted 100 Messages and 92 Severity logs"}
{"level":"info","Origin":"DbProcess","time":"2022-01-07T10:44:08+10:30","message":"Successfully inserted 100 Messages and 88 Severity logs"}
{"level":"info","Origin":"DbProcess","time":"2022-01-07T10:44:10+10:30","message":"Successfully inserted 100 Messages and 96 Severity logs"}
{"level":"info","Origin":"DbProcess","time":"2022-01-07T10:44:10+10:30","message":"Successfully inserted 100 Messages and 92 Severity logs"}
{"level":"info","Origin":"DbProcess","time":"2022-01-07T10:44:11+10:30","message":"Successfully inserted 100 Messages and 89 Severity logs"}
{"level":"info","Origin":"DbProcess","time":"2022-01-07T10:44:11+10:30","message":"Successfully inserted 100 Messages and 93 Severity logs"}
{"level":"info","Origin":"DbProcess","time":"2022-01-07T10:44:13+10:30","message":"Successfully inserted 100 Messages and 90 Severity logs"}
{"level":"info","Origin":"DbProcess","time":"2022-01-07T10:44:13+10:30","message":"Successfully inserted 100 Messages and 92 Severity logs"}
{"level":"info","Origin":"DbProcess","time":"2022-01-07T10:44:15+10:30","message":"Successfully inserted 100 Messages and 95 Severity logs"}
{"level":"info","Origin":"DbProcess","time":"2022-01-07T10:44:15+10:30","message":"Successfully inserted 100 Messages and 92 Severity logs"}
{"level":"info","Origin":"DbProcess","time":"2022-01-07T10:44:17+10:30","message":"Successfully inserted 100 Messages and 89 Severity logs"}
{"level":"info","Origin":"DbProcess","time":"2022-01-07T10:44:17+10:30","message":"Successfully inserted 100 Messages and 90 Severity logs"}
{"level":"info","Origin":"DbProcess","time":"2022-01-07T10:44:19+10:30","message":"Successfully inserted 100 Messages and 88 Severity logs"}
{"level":"info","Origin":"DbProcess","time":"2022-01-07T10:44:19+10:30","message":"Successfully inserted 100 Messages and 93 Severity logs"}
{"level":"info","Origin":"DbProcess","time":"2022-01-07T10:44:23+10:30","message":"Successfully inserted 100 Messages and 93 Severity logs"}
{"level":"info","Origin":"DbProcess","time":"2022-01-07T10:44:24+10:30","message":"Successfully inserted 100 Messages and 91 Severity logs"}
{"level":"info","Origin":"DbProcess","time":"2022-01-07T10:44:25+10:30","message":"Successfully inserted 100 Messages and 93 Severity logs"}
{"level":"info","Origin":"DbProcess","time":"2022-01-07T10:44:26+10:30","message":"Successfully inserted 100 Messages and 91 Severity logs"}
{"level":"info","Origin":"DbProcess","time":"2022-01-07T10:44:27+10:30","message":"Successfully inserted 100 Messages and 89 Severity logs"}
{"level":"info","Origin":"DbProcess","time":"2022-01-07T10:44:27+10:30","message":"Successfully inserted 100 Messages and 94 Severity logs"}
{"level":"info","Origin":"DbProcess","time":"2022-01-07T10:44:29+10:30","message":"Successfully inserted 100 Messages and 91 Severity logs"}
{"level":"info","Origin":"DbProcess","time":"2022-01-07T10:44:29+10:30","message":"Successfully inserted 100 Messages and 87 Severity logs"}
{"level":"info","Origin":"DbProcess","time":"2022-01-07T10:44:31+10:30","message":"Successfully inserted 100 Messages and 88 Severity logs"}
{"level":"info","Origin":"DbProcess","time":"2022-01-07T10:44:31+10:30","message":"Successfully inserted 100 Messages and 94 Severity logs"}
{"level":"info","Origin":"DbProcess","time":"2022-01-07T10:44:33+10:30","message":"Successfully inserted 100 Messages and 93 Severity logs"}
{"level":"info","Origin":"DbProcess","time":"2022-01-07T10:44:33+10:30","message":"Successfully inserted 100 Messages and 88 Severity logs"}
{"level":"info","Origin":"DbProcess","time":"2022-01-07T10:44:35+10:30","message":"Successfully inserted 100 Messages and 93 Severity logs"}
{"level":"info","Origin":"DbProcess","time":"2022-01-07T10:44:35+10:30","message":"Successfully inserted 100 Messages and 88 Severity logs"}
{"level":"info","Origin":"DbProcess","time":"2022-01-07T10:44:36+10:30","message":"Successfully inserted 100 Messages and 95 Severity logs"}
{"level":"info","Origin":"DbProcess","time":"2022-01-07T10:44:37+10:30","message":"Successfully inserted 100 Messages and 93 Severity logs"}
{"level":"info","Origin":"DbProcess","time":"2022-01-07T10:44:38+10:30","message":"Successfully inserted 100 Messages and 89 Severity logs"}
{"level":"info","Origin":"DbProcess","time":"2022-01-07T10:44:39+10:30","message":"Successfully inserted 100 Messages and 93 Severity logs"}
{"level":"info","Origin":"DbProcess","time":"2022-01-07T10:44:40+10:30","message":"Successfully inserted 100 Messages and 88 Severity logs"}
{"level":"info","Origin":"DbProcess","time":"2022-01-07T10:44:40+10:30","message":"Successfully inserted 100 Messages and 94 Severity logs"}
{"level":"info","Origin":"DbProcess","time":"2022-01-07T10:44:42+10:30","message":"Successfully inserted 100 Messages and 91 Severity logs"}
{"level":"info","Origin":"DbProcess","time":"2022-01-07T10:44:42+10:30","message":"Successfully inserted 100 Messages and 91 Severity logs"}
{"level":"info","Origin":"DbProcess","time":"2022-01-07T10:44:44+10:30","message":"Successfully inserted 100 Messages and 93 Severity logs"}
{"level":"info","Origin":"DbProcess","time":"2022-01-07T10:44:44+10:30","message":"Successfully inserted 100 Messages and 88 Severity logs"}
{"level":"info","Origin":"DbProcess","time":"2022-01-07T10:44:45+10:30","message":"Successfully inserted 100 Messages and 93 Severity logs"}
{"level":"info","Origin":"DbProcess","time":"2022-01-07T10:44:46+10:30","message":"Successfully inserted 100 Messages and 89 Severity logs"}
{"level":"info","Origin":"DbProcess","time":"2022-01-07T10:44:47+10:30","message":"Successfully inserted 100 Messages and 89 Severity logs"}
{"level":"info","Origin":"DbProcess","time":"2022-01-07T10:44:47+10:30","message":"Successfully inserted 100 Messages and 93 Severity logs"}
{"level":"info","Origin":"DbProcess","time":"2022-01-07T10:44:49+10:30","message":"Successfully inserted 100 Messages and 95 Severity logs"}
{"level":"info","Origin":"DbProcess","time":"2022-01-07T10:44:50+10:30","message":"Successfully inserted 100 Messages and 88 Severity logs"}
{"level":"info","Origin":"DbProcess","time":"2022-01-07T10:44:51+10:30","message":"Successfully inserted 100 Messages and 89 Severity logs"}
{"level":"info","Origin":"DbProcess","time":"2022-01-07T10:44:51+10:30","message":"Successfully inserted 100 Messages and 89 Severity logs"}
{"level":"info","Origin":"DbProcess","time":"2022-01-07T10:44:53+10:30","message":"Successfully inserted 100 Messages and 89 Severity logs"}
{"level":"info","Origin":"DbProcess","time":"2022-01-07T10:44:53+10:30","message":"Successfully inserted 100 Messages and 90 Severity logs"}
{"level":"info","Origin":"DbProcess","time":"2022-01-07T10:44:55+10:30","message":"Successfully inserted 100 Messages and 84 Severity logs"}
{"level":"info","Origin":"DbProcess","time":"2022-01-07T10:44:55+10:30","message":"Successfully inserted 100 Messages and 90 Severity logs"}
{"level":"info","Origin":"DbProcess","time":"2022-01-07T10:44:56+10:30","message":"Successfully inserted 100 Messages and 87 Severity logs"}
{"level":"info","Origin":"DbProcess","time":"2022-01-07T10:44:57+10:30","message":"Successfully inserted 100 Messages and 89 Severity logs"}
{"level":"info","Origin":"DbProcess","time":"2022-01-07T10:44:58+10:30","message":"Successfully inserted 100 Messages and 90 Severity logs"}
{"level":"info","Origin":"DbProcess","time":"2022-01-07T10:44:59+10:30","message":"Successfully inserted 100 Messages and 92 Severity logs"}
{"level":"info","Origin":"DbProcess","time":"2022-01-07T10:45:00+10:30","message":"Successfully inserted 100 Messages and 91 Severity logs"}
{"level":"info","Origin":"DbProcess","time":"2022-01-07T10:45:01+10:30","message":"Successfully inserted 100 Messages and 96 Severity logs"}
{"level":"info","Origin":"DbProcess","time":"2022-01-07T10:45:03+10:30","message":"Successfully inserted 100 Messages and 95 Severity logs"}
{"level":"info","Origin":"DbProcess","time":"2022-01-07T10:45:03+10:30","message":"Successfully inserted 100 Messages and 89 Severity logs"}
{"level":"info","Origin":"DbProcess","time":"2022-01-07T10:45:05+10:30","message":"Successfully inserted 100 Messages and 90 Severity logs"}
{"level":"info","Origin":"DbProcess","time":"2022-01-07T10:45:05+10:30","message":"Successfully inserted 100 Messages and 91 Severity logs"}
{"level":"info","Origin":"DbProcess","time":"2022-01-07T10:45:07+10:30","message":"Successfully inserted 100 Messages and 87 Severity logs"}
{"level":"info","Origin":"DbProcess","time":"2022-01-07T10:45:07+10:30","message":"Successfully inserted 100 Messages and 89 Severity logs"}
{"level":"info","Origin":"DbProcess","time":"2022-01-07T10:45:09+10:30","message":"Successfully inserted 100 Messages and 90 Severity logs"}
{"level":"info","Origin":"DbProcess","time":"2022-01-07T10:45:09+10:30","message":"Successfully inserted 100 Messages and 90 Severity logs"}
{"level":"info","Origin":"DbProcess","time":"2022-01-07T10:45:11+10:30","message":"Successfully inserted 100 Messages and 89 Severity logs"}
{"level":"info","Origin":"DbProcess","time":"2022-01-07T10:45:11+10:30","message":"Successfully inserted 100 Messages and 93 Severity logs"}
{"level":"info","Origin":"DbProcess","time":"2022-01-07T10:45:13+10:30","message":"Successfully inserted 100 Messages and 90 Severity logs"}
{"level":"info","Origin":"DbProcess","time":"2022-01-07T10:45:13+10:30","message":"Successfully inserted 100 Messages and 90 Severity logs"}
{"level":"info","Origin":"DbProcess","time":"2022-01-07T10:45:16+10:30","message":"Successfully inserted 100 Messages and 85 Severity logs"}
{"level":"info","Origin":"DbProcess","time":"2022-01-07T10:45:16+10:30","message":"Successfully inserted 100 Messages and 90 Severity logs"}
{"level":"info","Origin":"DbProcess","time":"2022-01-07T10:45:18+10:30","message":"Successfully inserted 100 Messages and 92 Severity logs"}
{"level":"info","Origin":"DbProcess","time":"2022-01-07T10:45:18+10:30","message":"Successfully inserted 100 Messages and 93 Severity logs"}
{"level":"info","Origin":"DbProcess","time":"2022-01-07T10:45:20+10:30","message":"Successfully inserted 100 Messages and 89 Severity logs"}
{"level":"info","Origin":"DbProcess","time":"2022-01-07T10:45:20+10:30","message":"Successfully inserted 100 Messages and 95 Severity logs"}
{"level":"info","Origin":"DbProcess","time":"2022-01-07T10:45:22+10:30","message":"Successfully inserted 100 Messages and 92 Severity logs"}
{"level":"info","Origin":"DbProcess","time":"2022-01-07T10:45:22+10:30","message":"Successfully inserted 100 Messages and 92 Severity logs"}
{"level":"info","Origin":"DbProcess","time":"2022-01-07T10:45:26+10:30","message":"Successfully inserted 100 Messages and 87 Severity logs"}
{"level":"info","Origin":"DbProcess","time":"2022-01-07T10:45:27+10:30","message":"Successfully inserted 100 Messages and 87 Severity logs"}
{"level":"info","Origin":"DbProcess","time":"2022-01-07T10:45:31+10:30","message":"Successfully inserted 100 Messages and 90 Severity logs"}
{"level":"info","Origin":"DbProcess","time":"2022-01-07T10:45:32+10:30","message":"Successfully inserted 100 Messages and 88 Severity logs"}
{"level":"info","Origin":"DbProcess","time":"2022-01-07T10:45:35+10:30","message":"Successfully inserted 100 Messages and 92 Severity logs"}
{"level":"info","Origin":"DbProcess","time":"2022-01-07T10:45:35+10:30","message":"Successfully inserted 100 Messages and 90 Severity logs"}
{"level":"info","Origin":"DbProcess","time":"2022-01-07T10:45:37+10:30","message":"Successfully inserted 100 Messages and 91 Severity logs"}
{"level":"info","Origin":"DbProcess","time":"2022-01-07T10:45:38+10:30","message":"Successfully inserted 100 Messages and 91 Severity logs"}
{"level":"info","Origin":"DbProcess","time":"2022-01-07T10:45:40+10:30","message":"Successfully inserted 100 Messages and 89 Severity logs"}
{"level":"fatal","Origin":"AppShutDown","time":"2022-01-07T10:45:40+10:30","message":"<========= Shutting down Service... =========>"}
{"level":"info","Origin":"LMS","time":"2022-01-07T10:46:02+10:30","message":"<============ Log Monitoring Server ============>"}
{"level":"info","Origin":"Publisher","time":"2022-01-07T10:46:02+10:30","message":"Publisher Service Started: id 0"}
{"level":"info","Origin":"Publisher","time":"2022-01-07T10:46:02+10:30","message":"Publisher Service Started: id 1"}
{"level":"info","Origin":"DbProcess","time":"2022-01-07T10:46:04+10:30","message":"Successfully inserted 100 Messages and 89 Severity logs"}
{"level":"info","Origin":"DbProcess","time":"2022-01-07T10:46:04+10:30","message":"Successfully inserted 100 Messages and 89 Severity logs"}
{"level":"info","Origin":"DbProcess","time":"2022-01-07T10:46:07+10:30","message":"Successfully inserted 100 Messages and 86 Severity logs"}
{"level":"info","Origin":"DbProcess","time":"2022-01-07T10:46:07+10:30","message":"Successfully inserted 100 Messages and 92 Severity logs"}
{"level":"info","Origin":"DbProcess","time":"2022-01-07T10:46:09+10:30","message":"Successfully inserted 100 Messages and 91 Severity logs"}
{"level":"info","Origin":"DbProcess","time":"2022-01-07T10:46:09+10:30","message":"Successfully inserted 100 Messages and 94 Severity logs"}
{"level":"info","Origin":"DbProcess","time":"2022-01-07T10:46:10+10:30","message":"Successfully inserted 100 Messages and 90 Severity logs"}
{"level":"info","Origin":"DbProcess","time":"2022-01-07T10:46:10+10:30","message":"Successfully inserted 100 Messages and 92 Severity logs"}
{"level":"info","Origin":"DbProcess","time":"2022-01-07T10:46:12+10:30","message":"Successfully inserted 100 Messages and 94 Severity logs"}
{"level":"info","Origin":"DbProcess","time":"2022-01-07T10:46:13+10:30","message":"Successfully inserted 100 Messages and 92 Severity logs"}
{"level":"info","Origin":"DbProcess","time":"2022-01-07T10:46:14+10:30","message":"Successfully inserted 100 Messages and 92 Severity logs"}
{"level":"info","Origin":"DbProcess","time":"2022-01-07T10:46:15+10:30","message":"Successfully inserted 100 Messages and 93 Severity logs"}
{"level":"info","Origin":"DbProcess","time":"2022-01-07T10:46:16+10:30","message":"Successfully inserted 100 Messages and 89 Severity logs"}
{"level":"info","Origin":"DbProcess","time":"2022-01-07T10:46:16+10:30","message":"Successfully inserted 100 Messages and 90 Severity logs"}
{"level":"info","Origin":"DbProcess","time":"2022-01-07T10:46:18+10:30","message":"Successfully inserted 100 Messages and 94 Severity logs"}
{"level":"info","Origin":"DbProcess","time":"2022-01-07T10:46:18+10:30","message":"Successfully inserted 100 Messages and 92 Severity logs"}
{"level":"info","Origin":"DbProcess","time":"2022-01-07T10:46:20+10:30","message":"Successfully inserted 100 Messages and 88 Severity logs"}
{"level":"info","Origin":"DbProcess","time":"2022-01-07T10:46:20+10:30","message":"Successfully inserted 100 Messages and 90 Severity logs"}
{"level":"info","Origin":"DbProcess","time":"2022-01-07T10:46:22+10:30","message":"Successfully inserted 100 Messages and 93 Severity logs"}
{"level":"info","Origin":"DbProcess","time":"2022-01-07T10:46:22+10:30","message":"Successfully inserted 100 Messages and 92 Severity logs"}
{"level":"info","Origin":"DbProcess","time":"2022-01-07T10:46:24+10:30","message":"Successfully inserted 100 Messages and 87 Severity logs"}
{"level":"info","Origin":"DbProcess","time":"2022-01-07T10:46:24+10:30","message":"Successfully inserted 100 Messages and 92 Severity logs"}
{"level":"info","Origin":"DbProcess","time":"2022-01-07T10:46:25+10:30","message":"Successfully inserted 100 Messages and 90 Severity logs"}
{"level":"info","Origin":"DbProcess","time":"2022-01-07T10:46:26+10:30","message":"Successfully inserted 100 Messages and 89 Severity logs"}
{"level":"info","Origin":"DbProcess","time":"2022-01-07T10:46:28+10:30","message":"Successfully inserted 100 Messages and 89 Severity logs"}
{"level":"info","Origin":"DbProcess","time":"2022-01-07T10:46:28+10:30","message":"Successfully inserted 100 Messages and 92 Severity logs"}
{"level":"info","Origin":"DbProcess","time":"2022-01-07T10:46:30+10:30","message":"Successfully inserted 100 Messages and 93 Severity logs"}
{"level":"info","Origin":"DbProcess","time":"2022-01-07T10:46:30+10:30","message":"Successfully inserted 100 Messages and 85 Severity logs"}
{"level":"info","Origin":"DbProcess","time":"2022-01-07T10:46:32+10:30","message":"Successfully inserted 100 Messages and 86 Severity logs"}
{"level":"info","Origin":"DbProcess","time":"2022-01-07T10:46:32+10:30","message":"Successfully inserted 100 Messages and 89 Severity logs"}
{"level":"info","Origin":"DbProcess","time":"2022-01-07T10:46:34+10:30","message":"Successfully inserted 100 Messages and 97 Severity logs"}
{"level":"info","Origin":"DbProcess","time":"2022-01-07T10:46:34+10:30","message":"Successfully inserted 100 Messages and 88 Severity logs"}
{"level":"info","Origin":"DbProcess","time":"2022-01-07T10:46:36+10:30","message":"Successfully inserted 100 Messages and 91 Severity logs"}
{"level":"info","Origin":"DbProcess","time":"2022-01-07T10:46:36+10:30","message":"Successfully inserted 100 Messages and 90 Severity logs"}
{"level":"info","Origin":"DbProcess","time":"2022-01-07T10:46:38+10:30","message":"Successfully inserted 100 Messages and 89 Severity logs"}
{"level":"info","Origin":"DbProcess","time":"2022-01-07T10:46:38+10:30","message":"Successfully inserted 100 Messages and 92 Severity logs"}
{"level":"info","Origin":"DbProcess","time":"2022-01-07T10:46:40+10:30","message":"Successfully inserted 100 Messages and 92 Severity logs"}
{"level":"info","Origin":"DbProcess","time":"2022-01-07T10:46:40+10:30","message":"Successfully inserted 100 Messages and 90 Severity logs"}
{"level":"info","Origin":"DbProcess","time":"2022-01-07T10:46:42+10:30","message":"Successfully inserted 100 Messages and 88 Severity logs"}
{"level":"info","Origin":"DbProcess","time":"2022-01-07T10:46:42+10:30","message":"Successfully inserted 100 Messages and 92 Severity logs"}
{"level":"info","Origin":"DbProcess","time":"2022-01-07T10:46:44+10:30","message":"Successfully inserted 100 Messages and 90 Severity logs"}
{"level":"info","Origin":"DbProcess","time":"2022-01-07T10:46:44+10:30","message":"Successfully inserted 100 Messages and 86 Severity logs"}
{"level":"info","Origin":"DbProcess","time":"2022-01-07T10:46:46+10:30","message":"Successfully inserted 100 Messages and 86 Severity logs"}
{"level":"info","Origin":"DbProcess","time":"2022-01-07T10:46:46+10:30","message":"Successfully inserted 100 Messages and 84 Severity logs"}
{"level":"info","Origin":"DbProcess","time":"2022-01-07T10:46:48+10:30","message":"Successfully inserted 100 Messages and 87 Severity logs"}
{"level":"info","Origin":"DbProcess","time":"2022-01-07T10:46:48+10:30","message":"Successfully inserted 100 Messages and 93 Severity logs"}
{"level":"info","Origin":"DbProcess","time":"2022-01-07T10:46:50+10:30","message":"Successfully inserted 100 Messages and 94 Severity logs"}
{"level":"info","Origin":"DbProcess","time":"2022-01-07T10:46:50+10:30","message":"Successfully inserted 100 Messages and 88 Severity logs"}
{"level":"info","Origin":"DbProcess","time":"2022-01-07T10:46:52+10:30","message":"Successfully inserted 100 Messages and 93 Severity logs"}
{"level":"info","Origin":"DbProcess","time":"2022-01-07T10:46:52+10:30","message":"Successfully inserted 100 Messages and 90 Severity logs"}
{"level":"info","Origin":"LMS","time":"2022-01-07T10:46:59+10:30","message":"<============ Log Monitoring Server ============>"}
{"level":"info","Origin":"LMS","time":"2022-01-07T10:47:06+10:30","message":"<============ Log Monitoring Server ============>"}
{"level":"info","Origin":"Publisher","time":"2022-01-07T10:47:06+10:30","message":"Publisher Service Started: id 0"}
{"level":"info","Origin":"Publisher","time":"2022-01-07T10:47:06+10:30","message":"Publisher Service Started: id 1"}
{"level":"info","Origin":"DbProcess","time":"2022-01-07T10:47:26+10:30","message":"Successfully inserted 1000 Messages and 436 Severity logs"}
{"level":"info","Origin":"DbProcess","time":"2022-01-07T10:47:26+10:30","message":"Successfully inserted 1000 Messages and 428 Severity logs"}
{"level":"info","Origin":"DbProcess","time":"2022-01-07T10:47:44+10:30","message":"Successfully inserted 1000 Messages and 437 Severity logs"}
{"level":"info","Origin":"DbProcess","time":"2022-01-07T10:47:45+10:30","message":"Successfully inserted 1000 Messages and 438 Severity logs"}
{"level":"info","Origin":"DbProcess","time":"2022-01-07T10:48:04+10:30","message":"Successfully inserted 1000 Messages and 437 Severity logs"}
{"level":"info","Origin":"DbProcess","time":"2022-01-07T10:48:04+10:30","message":"Successfully inserted 1000 Messages and 439 Severity logs"}
{"level":"info","Origin":"DbProcess","time":"2022-01-07T10:48:23+10:30","message":"Successfully inserted 1000 Messages and 435 Severity logs"}
{"level":"info","Origin":"DbProcess","time":"2022-01-07T10:48:23+10:30","message":"Successfully inserted 1000 Messages and 423 Severity logs"}
{"level":"info","Origin":"DbProcess","time":"2022-01-07T10:48:44+10:30","message":"Successfully inserted 1000 Messages and 425 Severity logs"}
{"level":"info","Origin":"DbProcess","time":"2022-01-07T10:48:45+10:30","message":"Successfully inserted 1000 Messages and 432 Severity logs"}
{"level":"info","Origin":"DbProcess","time":"2022-01-07T10:49:04+10:30","message":"Successfully inserted 1000 Messages and 431 Severity logs"}
{"level":"info","Origin":"DbProcess","time":"2022-01-07T10:49:04+10:30","message":"Successfully inserted 1000 Messages and 431 Severity logs"}
{"level":"info","Origin":"DbProcess","time":"2022-01-07T10:49:29+10:30","message":"Successfully inserted 1000 Messages and 427 Severity logs"}
{"level":"info","Origin":"DbProcess","time":"2022-01-07T10:49:29+10:30","message":"Successfully inserted 1000 Messages and 435 Severity logs"}
{"level":"info","Origin":"DbProcess","time":"2022-01-07T10:49:48+10:30","message":"Successfully inserted 1000 Messages and 431 Severity logs"}
{"level":"info","Origin":"DbProcess","time":"2022-01-07T10:49:49+10:30","message":"Successfully inserted 1000 Messages and 421 Severity logs"}
{"level":"info","Origin":"DbProcess","time":"2022-01-07T10:50:08+10:30","message":"Successfully inserted 1000 Messages and 425 Severity logs"}
{"level":"info","Origin":"DbProcess","time":"2022-01-07T10:50:09+10:30","message":"Successfully inserted 1000 Messages and 436 Severity logs"}
{"level":"fatal","Origin":"AppShutDown","time":"2022-01-07T10:50:21+10:30","message":"<========= Shutting down Service... =========>"}
