{"level":"info","Origin":"LMS","time":"2022-01-06T20:49:42+10:30","message":"<============ Log Monitoring Server ============>"}
{"level":"info","Origin":"AppInitRun","time":"2022-01-06T20:49:42+10:30","message":"ENV variables loading"}
{"level":"info","Origin":"AppInitRun","time":"2022-01-06T20:49:42+10:30","message":"ENV variables loaded."}
{"level":"info","Origin":"DataAccessLayer","time":"2022-01-06T20:49:42+10:30","message":"Data Access Server Started at port:8080"}
{"level":"info","Origin":"LMS","time":"2022-01-07T10:30:39+10:30","message":"<============ Log Monitoring Server ============>"}
{"level":"info","Origin":"AppInitRun","time":"2022-01-07T10:30:39+10:30","message":"ENV variables loading"}
{"level":"info","Origin":"AppInitRun","time":"2022-01-07T10:30:39+10:30","message":"ENV variables loaded."}
{"level":"info","Origin":"DataAccessLayer","time":"2022-01-07T10:30:39+10:30","message":"Data Access Server Started at port:8080"}
{"level":"info","Origin":"LMS","time":"2022-01-07T10:34:06+10:30","message":"<============ Log Monitoring Server ============>"}
{"level":"info","Origin":"AppInitRun","time":"2022-01-07T10:34:06+10:30","message":"ENV variables loading"}
{"level":"info","Origin":"AppInitRun","time":"2022-01-07T10:34:06+10:30","message":"ENV variables loaded."}
{"level":"info","Origin":"DataAccessLayer","time":"2022-01-07T10:34:07+10:30","message":"Data Access Server Started at port:8080"}
{"level":"info","Origin":"LMS","time":"2022-01-07T10:36:36+10:30","message":"<============ Log Monitoring Server ============>"}
{"level":"info","Origin":"AppInitRun","time":"2022-01-07T10:36:36+10:30","message":"ENV variables loading"}
{"level":"info","Origin":"AppInitRun","time":"2022-01-07T10:36:36+10:30","message":"ENV variables loaded."}
{"level":"info","Origin":"DataAccessLayer","time":"2022-01-07T10:36:36+10:30","message":"Data Access Server Started at port:8080"}
{"level":"fatal","Origin":"Publisher","time":"2022-01-07T10:36:36+10:30","message":"rpc error: code = NotFound desc = topic \"projects/lms/topics/lms-topic\""}
{"level":"info","Origin":"LMS","time":"2022-01-07T10:36:42+10:30","message":"<============ Log Monitoring Server ============>"}
{"level":"info","Origin":"AppInitRun","time":"2022-01-07T10:36:42+10:30","message":"ENV variables loading"}
{"level":"info","Origin":"AppInitRun","time":"2022-01-07T10:36:42+10:30","message":"ENV variables loaded."}
{"level":"info","Origin":"DataAccessLayer","time":"2022-01-07T10:36:42+10:30","message":"Data Access Server Started at port:8080"}
{"level":"info","Origin":"LMS","time":"2022-01-07T10:38:07+10:30","message":"<============ Log Monitoring Server ============>"}
{"level":"info","Origin":"AppInitRun","time":"2022-01-07T10:38:07+10:30","message":"ENV variables loading"}
{"level":"info","Origin":"AppInitRun","time":"2022-01-07T10:38:07+10:30","message":"ENV variables loaded."}
{"level":"info","Origin":"DataAccessLayer","time":"2022-01-07T10:38:07+10:30","message":"Data Access Server Started at port:8080"}
{"level":"info","Origin":"LMS","time":"2022-01-07T10:39:04+10:30","message":"<============ Log Monitoring Server ============>"}
{"level":"info","Origin":"AppInitRun","time":"2022-01-07T10:39:04+10:30","message":"ENV variables loading"}
{"level":"info","Origin":"AppInitRun","time":"2022-01-07T10:39:04+10:30","message":"ENV variables loaded."}
{"level":"info","Origin":"DataAccessLayer","time":"2022-01-07T10:39:04+10:30","message":"Data Access Server Started at port:8080"}
{"level":"info","Origin":"LMS","time":"2022-01-07T10:40:02+10:30","message":"<============ Log Monitoring Server ============>"}
{"level":"info","Origin":"AppInitRun","time":"2022-01-07T10:40:02+10:30","message":"ENV variables loading"}
{"level":"info","Origin":"AppInitRun","time":"2022-01-07T10:40:02+10:30","message":"ENV variables loaded."}
{"level":"info","Origin":"DataAccessLayer","time":"2022-01-07T10:40:02+10:30","message":"Data Access Server Started at port:8080"}
{"level":"info","Origin":"LMS","time":"2022-01-07T10:41:01+10:30","message":"<============ Log Monitoring Server ============>"}
{"level":"info","Origin":"AppInitRun","time":"2022-01-07T10:41:01+10:30","message":"ENV variables loading"}
{"level":"info","Origin":"AppInitRun","time":"2022-01-07T10:41:01+10:30","message":"ENV variables loaded."}
{"level":"info","Origin":"DataAccessLayer","time":"2022-01-07T10:41:01+10:30","message":"Data Access Server Started at port:8080"}
{"level":"info","Origin":"LMS","time":"2022-01-07T10:41:42+10:30","message":"<============ Log Monitoring Server ============>"}
{"level":"info","Origin":"AppInitRun","time":"2022-01-07T10:41:42+10:30","message":"ENV variables loading"}
{"level":"info","Origin":"AppInitRun","time":"2022-01-07T10:41:42+10:30","message":"ENV variables loaded."}
{"level":"info","Origin":"DataAccessLayer","time":"2022-01-07T10:41:42+10:30","message":"Data Access Server Started at port:8080"}
{"level":"info","Origin":"LMS","time":"2022-01-07T10:42:25+10:30","message":"<============ Log Monitoring Server ============>"}
{"level":"info","Origin":"AppInitRun","time":"2022-01-07T10:42:25+10:30","message":"ENV variables loading"}
{"level":"info","Origin":"AppInitRun","time":"2022-01-07T10:42:25+10:30","message":"ENV variables loaded."}
{"level":"info","Origin":"DataAccessLayer","time":"2022-01-07T10:42:25+10:30","message":"Data Access Server Started at port:8080"}
{"level":"info","Origin":"LMS","time":"2022-01-07T10:46:02+10:30","message":"<============ Log Monitoring Server ============>"}
{"level":"info","Origin":"AppInitRun","time":"2022-01-07T10:46:02+10:30","message":"ENV variables loading"}
{"level":"info","Origin":"AppInitRun","time":"2022-01-07T10:46:02+10:30","message":"ENV variables loaded."}
{"level":"info","Origin":"DataAccessLayer","time":"2022-01-07T10:46:02+10:30","message":"Data Access Server Started at port:8080"}
{"level":"info","Origin":"LMS","time":"2022-01-07T10:46:59+10:30","message":"<============ Log Monitoring Server ============>"}
{"level":"info","Origin":"AppInitRun","time":"2022-01-07T10:46:59+10:30","message":"ENV variables loading"}
{"level":"info","Origin":"AppInitRun","time":"2022-01-07T10:46:59+10:30","message":"ENV variables loaded."}
{"level":"info","Origin":"DataAccessLayer","time":"2022-01-07T10:46:59+10:30","message":"Data Access Server Started at port:8080"}
{"level":"fatal","Origin":"Publisher","time":"2022-01-07T10:46:59+10:30","message":"rpc error: code = NotFound desc = topic \"projects/lms/topics/lms-topic\""}
{"level":"info","Origin":"LMS","time":"2022-01-07T10:47:06+10:30","message":"<============ Log Monitoring Server ============>"}
{"level":"info","Origin":"AppInitRun","time":"2022-01-07T10:47:06+10:30","message":"ENV variables loading"}
{"level":"info","Origin":"AppInitRun","time":"2022-01-07T10:47:06+10:30","message":"ENV variables loaded."}
{"level":"info","Origin":"DataAccessLayer","time":"2022-01-07T10:47:06+10:30","message":"Data Access Server Started at port:8080"}
